yarn run v1.22.22
$ NODE_OPTIONS='--max-old-space-size=4096' next build
[dotenv@17.2.1] injecting env (0) from .env -- tip: ⚙️  override existing env vars with { override: true }
✅ Loaded environment variables from .env file
  ▲ Next.js 14.2.4
  - Environments: .env.production, .env

   Creating an optimized production build ...
 ✓ Compiled successfully
   Skipping validation of types
   Skipping linting
   Collecting page data ...
   Generating static pages (0/14) ...
   Generating static pages (3/14) 
   Generating static pages (6/14) 
   Generating static pages (10/14) 
 ✓ Generating static pages (14/14)
   Finalizing page optimization ...
   Collecting build traces ...

Route (app)                              Size     First Load JS
┌ ƒ /                                    30.6 kB        1.25 MB
├ ƒ /_not-found                          152 B          89.2 kB
├ ƒ /agario                              14.3 kB        1.22 MB
├ ƒ /api/[[...path]]                     0 B                0 B
├ ƒ /blocked                             2.09 kB         107 kB
├ ƒ /dashboard                           1.84 kB         107 kB
├ ƒ /debug-privy                         2.01 kB         1.2 MB
├ ƒ /demo                                2.66 kB        99.8 kB
├ ƒ /legal                               4.5 kB          109 kB
├ ƒ /play                                4.39 kB         1.2 MB
├ ƒ /test-backend                        511 B          89.6 kB
├ ƒ /test-env                            925 B            90 kB
└ ƒ /test-login                          960 B            90 kB
+ First Load JS shared by all            89.1 kB
  ├ chunks/7023-27ced7b3732245c1.js      31.7 kB
  ├ chunks/fd9d1056-6b756cfb59fccf34.js  53.6 kB
  └ other shared chunks (total)          3.76 kB


ƒ Middleware                             26.7 kB

ƒ  (Dynamic)  server-rendered on demand

Done in 142.22s.
