yarn add v1.22.22
warning package-lock.json found. Your project contains lock files generated by tools other than Yarn. It is advised not to mix package managers in order to avoid resolution inconsistencies caused by unsynchronized lock files. To clear this warning, remove package-lock.json.
[1/5] Validating package.json...
[2/5] Resolving packages...
[3/5] Fetching packages...
warning require-addon@1.1.0: The engine "bare" appears to be invalid.
warning bare-os@3.6.1: The engine "bare" appears to be invalid.
[4/5] Linking dependencies...
warning "@privy-io/react-auth > @solana/wallet-standard-wallet-adapter-base@1.1.4" has unmet peer dependency "bs58@^6.0.0".
warning "@privy-io/react-auth > @reown/appkit > @lit/react@1.0.8" has unmet peer dependency "@types/react@17 || 18 || 19".
warning "@privy-io/react-auth > @reown/appkit > @reown/appkit-siwx@1.7.18" has unmet peer dependency "lit@3.3.0".
warning "@solana/spl-token > @solana/spl-token-group > @solana/codecs@2.0.0-rc.1" has unmet peer dependency "typescript@>=5".
warning "@solana/spl-token > @solana/buffer-layout-utils > @solana/web3.js > @solana/codecs-numbers@2.3.0" has unmet peer dependency "typescript@>=5.3.3".
warning "@solana/spl-token > @solana/spl-token-group > @solana/codecs > @solana/codecs-core@2.0.0-rc.1" has unmet peer dependency "typescript@>=5".
warning "@solana/spl-token > @solana/spl-token-group > @solana/codecs > @solana/codecs-data-structures@2.0.0-rc.1" has unmet peer dependency "typescript@>=5".
warning "@solana/spl-token > @solana/spl-token-group > @solana/codecs > @solana/codecs-numbers@2.0.0-rc.1" has unmet peer dependency "typescript@>=5".
warning "@solana/spl-token > @solana/spl-token-group > @solana/codecs > @solana/codecs-strings@2.0.0-rc.1" has unmet peer dependency "fastestsmallesttextencoderdecoder@^1.0.22".
warning "@solana/spl-token > @solana/spl-token-group > @solana/codecs > @solana/codecs-strings@2.0.0-rc.1" has unmet peer dependency "typescript@>=5".
warning "@solana/spl-token > @solana/spl-token-group > @solana/codecs > @solana/options@2.0.0-rc.1" has unmet peer dependency "typescript@>=5".
warning "@solana/spl-token > @solana/buffer-layout-utils > @solana/web3.js > @solana/codecs-numbers > @solana/codecs-core@2.3.0" has unmet peer dependency "typescript@>=5.3.3".
warning "@solana/spl-token > @solana/buffer-layout-utils > @solana/web3.js > @solana/codecs-numbers > @solana/errors@2.3.0" has unmet peer dependency "typescript@>=5.3.3".
warning "@solana/spl-token > @solana/spl-token-group > @solana/codecs > @solana/codecs-core > @solana/errors@2.0.0-rc.1" has unmet peer dependency "typescript@>=5".
warning "@solana/wallet-adapter-react > @solana-mobile/wallet-adapter-mobile > @react-native-async-storage/async-storage@1.24.0" has unmet peer dependency "react-native@^0.0.0-0 || >=0.60 <1.0".
warning "@solana/wallet-adapter-react > @solana-mobile/wallet-adapter-mobile > @solana-mobile/mobile-wallet-adapter-protocol-web3js > @solana-mobile/mobile-wallet-adapter-protocol@2.2.2" has unmet peer dependency "react-native@>0.69".
warning "@solana/wallet-adapter-wallets > @solana/wallet-adapter-particle > @particle-network/solana-wallet@1.3.2" has unmet peer dependency "bs58@^4.0.1".
warning "@solana/wallet-adapter-wallets > @solana/wallet-adapter-torus > @toruslabs/solana-embed@2.1.0" has unmet peer dependency "@babel/runtime@7.x".
warning "@solana/wallet-adapter-wallets > @solana/wallet-adapter-trezor > @trezor/connect-web@9.6.2" has unmet peer dependency "tslib@^2.6.2".
warning "@solana/wallet-adapter-wallets > @solana/wallet-adapter-torus > @toruslabs/solana-embed > @toruslabs/base-controllers@5.11.0" has unmet peer dependency "@babel/runtime@7.x".
warning "@solana/wallet-adapter-wallets > @solana/wallet-adapter-torus > @toruslabs/solana-embed > @toruslabs/http-helpers@6.1.1" has unmet peer dependency "@babel/runtime@^7.x".
warning "@solana/wallet-adapter-wallets > @solana/wallet-adapter-torus > @toruslabs/solana-embed > @toruslabs/openlogin-jrpc@8.3.0" has unmet peer dependency "@babel/runtime@7.x".
warning "@solana/wallet-adapter-wallets > @solana/wallet-adapter-trezor > @trezor/connect-web > @trezor/connect@9.6.2" has unmet peer dependency "tslib@^2.6.2".
warning "@solana/wallet-adapter-wallets > @solana/wallet-adapter-trezor > @trezor/connect-web > @trezor/connect-common@0.4.2" has unmet peer dependency "tslib@^2.6.2".
warning "@solana/wallet-adapter-wallets > @solana/wallet-adapter-trezor > @trezor/connect-web > @trezor/utils@9.4.2" has unmet peer dependency "tslib@^2.6.2".
warning "@solana/wallet-adapter-wallets > @solana/wallet-adapter-trezor > @trezor/connect-web > @trezor/websocket-client@1.2.2" has unmet peer dependency "tslib@^2.6.2".
warning "@solana/wallet-adapter-wallets > @solana/wallet-adapter-keystone > @keystonehq/sol-keyring > @keystonehq/sdk > qrcode.react@1.0.1" has incorrect peer dependency "react@^15.5.3 || ^16.0.0 || ^17.0.0".
warning "@solana/wallet-adapter-wallets > @solana/wallet-adapter-keystone > @keystonehq/sol-keyring > @keystonehq/sdk > react-qr-reader@2.2.1" has incorrect peer dependency "react@~16".
warning "@solana/wallet-adapter-wallets > @solana/wallet-adapter-keystone > @keystonehq/sol-keyring > @keystonehq/sdk > react-qr-reader@2.2.1" has incorrect peer dependency "react-dom@~16".
warning "@solana/wallet-adapter-wallets > @solana/wallet-adapter-torus > @toruslabs/solana-embed > @toruslabs/base-controllers > @toruslabs/openlogin-utils@8.2.1" has unmet peer dependency "@babel/runtime@7.x".
warning "@solana/wallet-adapter-wallets > @solana/wallet-adapter-trezor > @trezor/connect-web > @trezor/connect > @solana-program/token-2022@0.4.2" has unmet peer dependency "@solana/sysvars@^2.1.0".
warning "@solana/wallet-adapter-wallets > @solana/wallet-adapter-trezor > @trezor/connect-web > @trezor/connect > @solana/kit@2.3.0" has unmet peer dependency "typescript@>=5.3.3".
warning "@solana/wallet-adapter-wallets > @solana/wallet-adapter-trezor > @trezor/connect-web > @trezor/connect > @trezor/blockchain-link@2.5.2" has unmet peer dependency "tslib@^2.6.2".
warning "@solana/wallet-adapter-wallets > @solana/wallet-adapter-trezor > @trezor/connect-web > @trezor/connect > @trezor/blockchain-link-types@1.4.2" has unmet peer dependency "tslib@^2.6.2".
warning "@solana/wallet-adapter-wallets > @solana/wallet-adapter-trezor > @trezor/connect-web > @trezor/connect > @trezor/blockchain-link-utils@1.4.2" has unmet peer dependency "tslib@^2.6.2".
warning "@solana/wallet-adapter-wallets > @solana/wallet-adapter-trezor > @trezor/connect-web > @trezor/connect > @trezor/connect-analytics@1.3.5" has unmet peer dependency "tslib@^2.6.2".
warning "@solana/wallet-adapter-wallets > @solana/wallet-adapter-trezor > @trezor/connect-web > @trezor/connect > @trezor/crypto-utils@1.1.4" has unmet peer dependency "tslib@^2.6.2".
warning "@solana/wallet-adapter-wallets > @solana/wallet-adapter-trezor > @trezor/connect-web > @trezor/connect > @trezor/env-utils@1.4.2" has unmet peer dependency "tslib@^2.6.2".
warning "@solana/wallet-adapter-wallets > @solana/wallet-adapter-trezor > @trezor/connect-web > @trezor/connect > @trezor/protobuf@1.4.2" has unmet peer dependency "tslib@^2.6.2".
warning "@solana/wallet-adapter-wallets > @solana/wallet-adapter-trezor > @trezor/connect-web > @trezor/connect > @trezor/protocol@1.2.8" has unmet peer dependency "tslib@^2.6.2".
warning "@solana/wallet-adapter-wallets > @solana/wallet-adapter-trezor > @trezor/connect-web > @trezor/connect > @trezor/schema-utils@1.3.4" has unmet peer dependency "tslib@^2.6.2".
warning "@solana/wallet-adapter-wallets > @solana/wallet-adapter-trezor > @trezor/connect-web > @trezor/connect > @trezor/transport@1.5.2" has unmet peer dependency "tslib@^2.6.2".
warning "@solana/wallet-adapter-wallets > @solana/wallet-adapter-trezor > @trezor/connect-web > @trezor/connect > @trezor/utxo-lib@2.4.2" has unmet peer dependency "tslib@^2.6.2".
warning "@solana/wallet-adapter-wallets > @solana/wallet-adapter-torus > @toruslabs/solana-embed > @toruslabs/base-controllers > @toruslabs/openlogin-utils > @toruslabs/constants@13.4.0" has unmet peer dependency "@babel/runtime@7.x".
warning "@solana/wallet-adapter-wallets > @solana/wallet-adapter-trezor > @trezor/connect-web > @trezor/connect > @solana/kit > @solana/accounts@2.3.0" has unmet peer dependency "typescript@>=5.3.3".
warning "@solana/wallet-adapter-wallets > @solana/wallet-adapter-trezor > @trezor/connect-web > @trezor/connect > @solana/kit > @solana/addresses@2.3.0" has unmet peer dependency "typescript@>=5.3.3".
warning "@solana/wallet-adapter-wallets > @solana/wallet-adapter-trezor > @trezor/connect-web > @trezor/connect > @solana/kit > @solana/codecs@2.3.0" has unmet peer dependency "typescript@>=5.3.3".
warning "@solana/wallet-adapter-wallets > @solana/wallet-adapter-trezor > @trezor/connect-web > @trezor/connect > @solana/kit > @solana/functional@2.3.0" has unmet peer dependency "typescript@>=5.3.3".
warning "@solana/wallet-adapter-wallets > @solana/wallet-adapter-trezor > @trezor/connect-web > @trezor/connect > @solana/kit > @solana/instructions@2.3.0" has unmet peer dependency "typescript@>=5.3.3".
warning "@solana/wallet-adapter-wallets > @solana/wallet-adapter-trezor > @trezor/connect-web > @trezor/connect > @solana/kit > @solana/keys@2.3.0" has unmet peer dependency "typescript@>=5.3.3".
warning "@solana/wallet-adapter-wallets > @solana/wallet-adapter-trezor > @trezor/connect-web > @trezor/connect > @solana/kit > @solana/programs@2.3.0" has unmet peer dependency "typescript@>=5.3.3".
warning "@solana/wallet-adapter-wallets > @solana/wallet-adapter-trezor > @trezor/connect-web > @trezor/connect > @solana/kit > @solana/rpc@2.3.0" has unmet peer dependency "typescript@>=5.3.3".
warning "@solana/wallet-adapter-wallets > @solana/wallet-adapter-trezor > @trezor/connect-web > @trezor/connect > @solana/kit > @solana/rpc-parsed-types@2.3.0" has unmet peer dependency "typescript@>=5.3.3".
warning "@solana/wallet-adapter-wallets > @solana/wallet-adapter-trezor > @trezor/connect-web > @trezor/connect > @solana/kit > @solana/rpc-spec-types@2.3.0" has unmet peer dependency "typescript@>=5.3.3".
warning "@solana/wallet-adapter-wallets > @solana/wallet-adapter-trezor > @trezor/connect-web > @trezor/connect > @solana/kit > @solana/rpc-subscriptions@2.3.0" has unmet peer dependency "typescript@>=5.3.3".
warning "@solana/wallet-adapter-wallets > @solana/wallet-adapter-trezor > @trezor/connect-web > @trezor/connect > @solana/kit > @solana/rpc-types@2.3.0" has unmet peer dependency "typescript@>=5.3.3".
warning "@solana/wallet-adapter-wallets > @solana/wallet-adapter-trezor > @trezor/connect-web > @trezor/connect > @solana/kit > @solana/signers@2.3.0" has unmet peer dependency "typescript@>=5.3.3".
warning "@solana/wallet-adapter-wallets > @solana/wallet-adapter-trezor > @trezor/connect-web > @trezor/connect > @solana/kit > @solana/sysvars@2.3.0" has unmet peer dependency "typescript@>=5.3.3".
warning "@solana/wallet-adapter-wallets > @solana/wallet-adapter-trezor > @trezor/connect-web > @trezor/connect > @solana/kit > @solana/transaction-confirmation@2.3.0" has unmet peer dependency "typescript@>=5.3.3".
warning "@solana/wallet-adapter-wallets > @solana/wallet-adapter-trezor > @trezor/connect-web > @trezor/connect > @solana/kit > @solana/transaction-messages@2.3.0" has unmet peer dependency "typescript@>=5.3.3".
warning "@solana/wallet-adapter-wallets > @solana/wallet-adapter-trezor > @trezor/connect-web > @trezor/connect > @solana/kit > @solana/transactions@2.3.0" has unmet peer dependency "typescript@>=5.3.3".
warning "@solana/wallet-adapter-wallets > @solana/wallet-adapter-trezor > @trezor/connect-web > @trezor/connect > @trezor/connect-analytics > @trezor/analytics@1.4.2" has unmet peer dependency "tslib@^2.6.2".
warning "@solana/wallet-adapter-wallets > @solana/wallet-adapter-trezor > @trezor/connect-web > @trezor/connect > @solana/kit > @solana/accounts > @solana/codecs-strings@2.3.0" has unmet peer dependency "fastestsmallesttextencoderdecoder@^1.0.22".
warning "@solana/wallet-adapter-wallets > @solana/wallet-adapter-trezor > @trezor/connect-web > @trezor/connect > @solana/kit > @solana/accounts > @solana/codecs-strings@2.3.0" has unmet peer dependency "typescript@>=5.3.3".
warning "@solana/wallet-adapter-wallets > @solana/wallet-adapter-trezor > @trezor/connect-web > @trezor/connect > @solana/kit > @solana/accounts > @solana/rpc-spec@2.3.0" has unmet peer dependency "typescript@>=5.3.3".
warning "@solana/wallet-adapter-wallets > @solana/wallet-adapter-trezor > @trezor/connect-web > @trezor/connect > @solana/kit > @solana/addresses > @solana/assertions@2.3.0" has unmet peer dependency "typescript@>=5.3.3".
warning "@solana/wallet-adapter-wallets > @solana/wallet-adapter-trezor > @trezor/connect-web > @trezor/connect > @solana/kit > @solana/addresses > @solana/nominal-types@2.3.0" has unmet peer dependency "typescript@>=5.3.3".
warning "@solana/wallet-adapter-wallets > @solana/wallet-adapter-trezor > @trezor/connect-web > @trezor/connect > @solana/kit > @solana/codecs > @solana/codecs-data-structures@2.3.0" has unmet peer dependency "typescript@>=5.3.3".
warning "@solana/wallet-adapter-wallets > @solana/wallet-adapter-trezor > @trezor/connect-web > @trezor/connect > @solana/kit > @solana/codecs > @solana/options@2.3.0" has unmet peer dependency "typescript@>=5.3.3".
warning "@solana/wallet-adapter-wallets > @solana/wallet-adapter-trezor > @trezor/connect-web > @trezor/connect > @solana/kit > @solana/rpc > @solana/fast-stable-stringify@2.3.0" has unmet peer dependency "typescript@>=5.3.3".
warning "@solana/wallet-adapter-wallets > @solana/wallet-adapter-trezor > @trezor/connect-web > @trezor/connect > @solana/kit > @solana/rpc > @solana/rpc-api@2.3.0" has unmet peer dependency "typescript@>=5.3.3".
warning "@solana/wallet-adapter-wallets > @solana/wallet-adapter-trezor > @trezor/connect-web > @trezor/connect > @solana/kit > @solana/rpc > @solana/rpc-transformers@2.3.0" has unmet peer dependency "typescript@>=5.3.3".
warning "@solana/wallet-adapter-wallets > @solana/wallet-adapter-trezor > @trezor/connect-web > @trezor/connect > @solana/kit > @solana/rpc > @solana/rpc-transport-http@2.3.0" has unmet peer dependency "typescript@>=5.3.3".
warning "@solana/wallet-adapter-wallets > @solana/wallet-adapter-trezor > @trezor/connect-web > @trezor/connect > @solana/kit > @solana/rpc-subscriptions > @solana/promises@2.3.0" has unmet peer dependency "typescript@>=5.3.3".
warning "@solana/wallet-adapter-wallets > @solana/wallet-adapter-trezor > @trezor/connect-web > @trezor/connect > @solana/kit > @solana/rpc-subscriptions > @solana/rpc-subscriptions-api@2.3.0" has unmet peer dependency "typescript@>=5.3.3".
warning "@solana/wallet-adapter-wallets > @solana/wallet-adapter-trezor > @trezor/connect-web > @trezor/connect > @solana/kit > @solana/rpc-subscriptions > @solana/rpc-subscriptions-channel-websocket@2.3.0" has unmet peer dependency "typescript@>=5.3.3".
warning "@solana/wallet-adapter-wallets > @solana/wallet-adapter-trezor > @trezor/connect-web > @trezor/connect > @solana/kit > @solana/rpc-subscriptions > @solana/rpc-subscriptions-channel-websocket@2.3.0" has unmet peer dependency "ws@^8.18.0".
warning "@solana/wallet-adapter-wallets > @solana/wallet-adapter-trezor > @trezor/connect-web > @trezor/connect > @solana/kit > @solana/rpc-subscriptions > @solana/rpc-subscriptions-spec@2.3.0" has unmet peer dependency "typescript@>=5.3.3".
warning "@solana/wallet-adapter-wallets > @solana/wallet-adapter-trezor > @trezor/connect-web > @trezor/connect > @solana/kit > @solana/rpc-subscriptions > @solana/subscribable@2.3.0" has unmet peer dependency "typescript@>=5.3.3".
warning Workspaces can only be enabled in private projects.
warning Workspaces can only be enabled in private projects.
warning Workspaces can only be enabled in private projects.
warning Workspaces can only be enabled in private projects.
warning Workspaces can only be enabled in private projects.
warning Workspaces can only be enabled in private projects.
warning Workspaces can only be enabled in private projects.
warning Workspaces can only be enabled in private projects.
warning Workspaces can only be enabled in private projects.
warning Workspaces can only be enabled in private projects.
warning Workspaces can only be enabled in private projects.
warning Workspaces can only be enabled in private projects.
warning Workspaces can only be enabled in private projects.
[5/5] Building fresh packages...
warning Workspaces can only be enabled in private projects.
warning Workspaces can only be enabled in private projects.
warning Workspaces can only be enabled in private projects.
warning Workspaces can only be enabled in private projects.
warning Workspaces can only be enabled in private projects.
warning Workspaces can only be enabled in private projects.
warning Workspaces can only be enabled in private projects.
warning Workspaces can only be enabled in private projects.
warning Workspaces can only be enabled in private projects.
warning Workspaces can only be enabled in private projects.
warning Workspaces can only be enabled in private projects.
warning Workspaces can only be enabled in private projects.
warning Workspaces can only be enabled in private projects.
success Saved 1 new dependency.
info Direct dependencies
└─ jsonwebtoken@9.0.2
info All dependencies
└─ jsonwebtoken@9.0.2
Done in 177.19s.
