🔧 Installing dependencies with workspace warning suppression...
yarn install v1.22.22
info No lockfile found.
[1/4] Resolving packages...
warning react-native > glob@7.2.3: Glob versions prior to v9 are no longer supported
warning react-native > @react-native/codegen > glob@7.2.3: Glob versions prior to v9 are no longer supported
warning react-native > glob > inflight@1.0.6: This module is not supported, and leaks memory. Do not use it. Check out lru-cache if you want a good and tested way to coalesce async requests by a key value, which is much more comprehensive and powerful.
warning react-native > @react-native/community-cli-plugin > querystring@0.2.1: The querystring API is considered Legacy. new code should use the URLSearchParams API instead.
warning react-native > @react-native-community/cli > @react-native-community/cli-tools > sudo-prompt@9.2.1: Package no longer supported. Contact Support at https://www.npmjs.com/support for more info.
warning react-native > @react-native/codegen > jscodeshift > @babel/plugin-proposal-class-properties@7.18.6: This proposal has been merged to the ECMAScript standard and thus this plugin is no longer maintained. Please use @babel/plugin-transform-class-properties instead.
warning react-native > @react-native/codegen > jscodeshift > @babel/plugin-proposal-optional-chaining@7.21.0: This proposal has been merged to the ECMAScript standard and thus this plugin is no longer maintained. Please use @babel/plugin-transform-optional-chaining instead.
warning react-native > @react-native/codegen > jscodeshift > @babel/plugin-proposal-nullish-coalescing-operator@7.18.6: This proposal has been merged to the ECMAScript standard and thus this plugin is no longer maintained. Please use @babel/plugin-transform-nullish-coalescing-operator instead.
warning react-native > @react-native/community-cli-plugin > @react-native/metro-babel-transformer > @react-native/babel-preset > @babel/plugin-proposal-class-properties@7.18.6: This proposal has been merged to the ECMAScript standard and thus this plugin is no longer maintained. Please use @babel/plugin-transform-class-properties instead.
warning react-native > @react-native/community-cli-plugin > @react-native/metro-babel-transformer > @react-native/babel-preset > @babel/plugin-proposal-optional-chaining@7.21.0: This proposal has been merged to the ECMAScript standard and thus this plugin is no longer maintained. Please use @babel/plugin-transform-optional-chaining instead.
warning react-native > @react-native/community-cli-plugin > @react-native/metro-babel-transformer > @react-native/babel-preset > @babel/plugin-proposal-nullish-coalescing-operator@7.18.6: This proposal has been merged to the ECMAScript standard and thus this plugin is no longer maintained. Please use @babel/plugin-transform-nullish-coalescing-operator instead.
warning react-native > @react-native/codegen > jscodeshift > temp > rimraf@2.6.3: Rimraf versions prior to v4 are no longer supported
warning react-native > @react-native/community-cli-plugin > @react-native/dev-middleware > @rnx-kit/chromium-edge-launcher > rimraf@3.0.2: Rimraf versions prior to v4 are no longer supported
warning react-native > @react-native/codegen > jscodeshift > temp > rimraf > glob@7.2.3: Glob versions prior to v9 are no longer supported
warning react-native > @react-native/community-cli-plugin > @react-native/dev-middleware > @rnx-kit/chromium-edge-launcher > rimraf > glob@7.2.3: Glob versions prior to v9 are no longer supported
warning react-native > @react-native/community-cli-plugin > @react-native/metro-babel-transformer > @react-native/babel-preset > @babel/plugin-proposal-numeric-separator@7.18.6: This proposal has been merged to the ECMAScript standard and thus this plugin is no longer maintained. Please use @babel/plugin-transform-numeric-separator instead.
warning react-native > @react-native/community-cli-plugin > @react-native/metro-babel-transformer > @react-native/babel-preset > @babel/plugin-proposal-object-rest-spread@7.20.7: This proposal has been merged to the ECMAScript standard and thus this plugin is no longer maintained. Please use @babel/plugin-transform-object-rest-spread instead.
warning react-native > @react-native/community-cli-plugin > @react-native/metro-babel-transformer > @react-native/babel-preset > @babel/plugin-proposal-optional-catch-binding@7.18.6: This proposal has been merged to the ECMAScript standard and thus this plugin is no longer maintained. Please use @babel/plugin-transform-optional-catch-binding instead.
warning react-native > @react-native/community-cli-plugin > @react-native/metro-babel-transformer > @react-native/babel-preset > @babel/plugin-proposal-logical-assignment-operators@7.20.7: This proposal has been merged to the ECMAScript standard and thus this plugin is no longer maintained. Please use @babel/plugin-transform-logical-assignment-operators instead.
warning react-native > @react-native/community-cli-plugin > @react-native/metro-babel-transformer > @react-native/babel-preset > @babel/plugin-proposal-async-generator-functions@7.20.7: This proposal has been merged to the ECMAScript standard and thus this plugin is no longer maintained. Please use @babel/plugin-transform-async-generator-functions instead.
warning critters@0.0.24: Ownership of Critters has moved to the Nuxt team, who will be maintaining the project going forward. If you'd like to keep using Critters, please switch to the actively-maintained fork at https://github.com/danielroe/beasties
warning @particle-network/solana-wallet > @particle-network/auth > @particle-network/analytics > uuidv4@6.2.13: Package no longer supported. Contact Support at https://www.npmjs.com/support for more info.
warning @particle-network/solana-wallet > @particle-network/auth > @particle-network/crypto > uuidv4@6.2.13: Package no longer supported. Contact Support at https://www.npmjs.com/support for more info.
warning @solana/wallet-adapter-wallets > @solana/wallet-adapter-torus > @toruslabs/solana-embed@2.1.0: This sdk is now deprecated. Please use @web3auth/ws-embed instead
warning @solana/wallet-adapter-wallets > @solana/wallet-adapter-walletconnect > @walletconnect/solana-adapter > @walletconnect/universal-provider > @walletconnect/sign-client > @walletconnect/core > lodash.isequal@4.5.0: This package is deprecated. Use require('node:util').isDeepStrictEqual instead.
warning critters@0.0.24: Ownership of Critters has moved to the Nuxt team, who will be maintaining the project going forward. If you'd like to keep using Critters, please switch to the actively-maintained fork at https://github.com/danielroe/beasties
warning google-auth-library > gaxios > node-fetch > fetch-blob > node-domexception@1.0.0: Use your platform's native DOMException instead
[2/4] Fetching packages...
[3/4] Linking dependencies...
warning " > @particle-network/solana-wallet@1.3.2" has incorrect peer dependency "bs58@^4.0.1".
warning " > react-qr-reader@3.0.0-beta-1" has incorrect peer dependency "react@^16.8.0 || ^17.0.0".
warning " > react-qr-reader@3.0.0-beta-1" has incorrect peer dependency "react-dom@^16.8.0 || ^17.0.0".
[4/4] Building fresh packages...
success Saved lockfile.
$ export YARN_ENABLE_WORKSPACES=false; export YARN_DISABLE_WORKSPACES=true; yarn config set ignore-engines true || true; yarn config set ignore-platform true || true; yarn config set ignore-optional true || true; echo 'Dependencies installed successfully'
yarn config v1.22.22
success Set "ignore-engines" to "true".
Done in 0.04s.
yarn config v1.22.22
success Set "ignore-platform" to "true".
Done in 0.04s.
yarn config v1.22.22
success Set "ignore-optional" to "true".
Done in 0.04s.
Dependencies installed successfully
Done in 52.18s.
✅ Dependencies installed with workspace warnings suppressed
