yarn run v1.22.22
$ next build
  ▲ Next.js 14.2.4
  - Environments: .env

   Creating an optimized production build ...
 ✓ Compiled successfully
   Linting and checking validity of types ...
   Collecting page data ...

> Build error occurred
Error: ENOENT: no such file or directory, open '/app/.next/server/pages-manifest.json'
    at async open (node:internal/fs/promises:639:25)
    at async Object.readFile (node:internal/fs/promises:1246:14)
    at async readManifest (/app/node_modules/next/dist/build/index.js:164:23)
    at async /app/node_modules/next/dist/build/index.js:1040:35
    at async Span.traceAsyncFn (/app/node_modules/next/dist/trace/trace.js:154:20)
    at async build (/app/node_modules/next/dist/build/index.js:366:9) {
  errno: -2,
  code: 'ENOENT',
  syscall: 'open',
  path: '/app/.next/server/pages-manifest.json'
}
error Command failed with exit code 1.
info Visit https://yarnpkg.com/en/docs/cli/run for documentation about this command.
